build/app/intermediates/manifest_merge_blame_file/release/manifest-merger-blame-release-report.txt
1<?xml version="1.0" encoding="utf-8"?>
2<manifest xmlns:android="http://schemas.android.com/apk/res/android"
3    package="com.example.realpalooza"
4    android:versionCode="1001"
5    android:versionName="1.0.0" >
6
7    <uses-sdk
8        android:minSdkVersion="21"
8-->src\main\AndroidManifest.xml
9        android:targetSdkVersion="34" />
9-->src\main\AndroidManifest.xml
10
11    <uses-permission android:name="android.permission.VIBRATE" />
11-->src\main\AndroidManifest.xml:2:5-65
11-->src\main\AndroidManifest.xml:2:22-63
12    <uses-permission android:name="android.permission.RECEIVE_BOOT_COMPLETED" />
12-->src\main\AndroidManifest.xml:3:5-80
12-->src\main\AndroidManifest.xml:3:22-78
13    <uses-permission android:name="android.permission.INTERNET" />
13-->[:firebase_messaging] AndroidManifest.xml:9:5-67
13-->[:firebase_messaging] AndroidManifest.xml:9:22-64
14    <uses-permission android:name="android.permission.WAKE_LOCK" />
14-->[:firebase_messaging] AndroidManifest.xml:10:5-68
14-->[:firebase_messaging] AndroidManifest.xml:10:22-65
15    <uses-permission android:name="android.permission.ACCESS_NETWORK_STATE" /> <!-- Permissions options for the `notification` group -->
15-->[:firebase_messaging] AndroidManifest.xml:11:5-79
15-->[:firebase_messaging] AndroidManifest.xml:11:22-76
16    <uses-permission android:name="android.permission.POST_NOTIFICATIONS" />
16-->[:firebase_messaging] AndroidManifest.xml:13:5-77
16-->[:firebase_messaging] AndroidManifest.xml:13:22-74
17    <uses-permission android:name="android.permission.BROADCAST_CLOSE_SYSTEM_DIALOGS" />
17-->[:awesome_notifications] AndroidManifest.xml:10:5-89
17-->[:awesome_notifications] AndroidManifest.xml:10:22-86
18    <uses-permission
18-->[me.carda:AndroidAwnCore:0.8.3] AndroidManifest.xml:10:5-12:38
19        android:name="android.permission.BIND_NOTIFICATION_LISTENER_SERVICE"
19-->[me.carda:AndroidAwnCore:0.8.3] AndroidManifest.xml:11:9-77
20        android:maxSdkVersion="22" /> <!-- Required by older versions of Google Play services to create IID tokens -->
20-->[me.carda:AndroidAwnCore:0.8.3] AndroidManifest.xml:12:9-35
21    <uses-permission android:name="com.google.android.c2dm.permission.RECEIVE" />
21-->[com.google.firebase:firebase-messaging:23.4.0] AndroidManifest.xml:26:5-82
21-->[com.google.firebase:firebase-messaging:23.4.0] AndroidManifest.xml:26:22-79
22    <uses-permission android:name="com.google.android.providers.gsf.permission.READ_GSERVICES" />
22-->[com.google.android.recaptcha:recaptcha:18.4.0] AndroidManifest.xml:9:5-98
22-->[com.google.android.recaptcha:recaptcha:18.4.0] AndroidManifest.xml:9:22-95
23
24    <permission
24-->[androidx.core:core:1.10.1] AndroidManifest.xml:22:5-24:47
25        android:name="com.example.realpalooza.DYNAMIC_RECEIVER_NOT_EXPORTED_PERMISSION"
25-->[androidx.core:core:1.10.1] AndroidManifest.xml:23:9-81
26        android:protectionLevel="signature" />
26-->[androidx.core:core:1.10.1] AndroidManifest.xml:24:9-44
27
28    <uses-permission android:name="com.example.realpalooza.DYNAMIC_RECEIVER_NOT_EXPORTED_PERMISSION" /> <!-- for android -->
28-->[androidx.core:core:1.10.1] AndroidManifest.xml:26:5-97
28-->[androidx.core:core:1.10.1] AndroidManifest.xml:26:22-94
29    <!-- <uses-permission android:name="com.android.launcher.permission.READ_SETTINGS"/> -->
30    <!-- <uses-permission android:name="com.android.launcher.permission.WRITE_SETTINGS"/> -->
31    <!-- <uses-permission android:name="com.android.launcher.permission.INSTALL_SHORTCUT" /> -->
32    <!-- <uses-permission android:name="com.android.launcher.permission.UNINSTALL_SHORTCUT" /> -->
33    <!-- for Samsung -->
34    <uses-permission android:name="com.sec.android.provider.badge.permission.READ" />
34-->[me.leolin:ShortcutBadger:1.1.22] AndroidManifest.xml:19:5-86
34-->[me.leolin:ShortcutBadger:1.1.22] AndroidManifest.xml:19:22-83
35    <uses-permission android:name="com.sec.android.provider.badge.permission.WRITE" /> <!-- for htc -->
35-->[me.leolin:ShortcutBadger:1.1.22] AndroidManifest.xml:20:5-87
35-->[me.leolin:ShortcutBadger:1.1.22] AndroidManifest.xml:20:22-84
36    <uses-permission android:name="com.htc.launcher.permission.READ_SETTINGS" />
36-->[me.leolin:ShortcutBadger:1.1.22] AndroidManifest.xml:23:5-81
36-->[me.leolin:ShortcutBadger:1.1.22] AndroidManifest.xml:23:22-78
37    <uses-permission android:name="com.htc.launcher.permission.UPDATE_SHORTCUT" /> <!-- for sony -->
37-->[me.leolin:ShortcutBadger:1.1.22] AndroidManifest.xml:24:5-83
37-->[me.leolin:ShortcutBadger:1.1.22] AndroidManifest.xml:24:22-80
38    <uses-permission android:name="com.sonyericsson.home.permission.BROADCAST_BADGE" />
38-->[me.leolin:ShortcutBadger:1.1.22] AndroidManifest.xml:27:5-88
38-->[me.leolin:ShortcutBadger:1.1.22] AndroidManifest.xml:27:22-85
39    <uses-permission android:name="com.sonymobile.home.permission.PROVIDER_INSERT_BADGE" /> <!-- for apex -->
39-->[me.leolin:ShortcutBadger:1.1.22] AndroidManifest.xml:28:5-92
39-->[me.leolin:ShortcutBadger:1.1.22] AndroidManifest.xml:28:22-89
40    <uses-permission android:name="com.anddoes.launcher.permission.UPDATE_COUNT" /> <!-- for solid -->
40-->[me.leolin:ShortcutBadger:1.1.22] AndroidManifest.xml:31:5-84
40-->[me.leolin:ShortcutBadger:1.1.22] AndroidManifest.xml:31:22-81
41    <uses-permission android:name="com.majeur.launcher.permission.UPDATE_BADGE" /> <!-- for huawei -->
41-->[me.leolin:ShortcutBadger:1.1.22] AndroidManifest.xml:34:5-83
41-->[me.leolin:ShortcutBadger:1.1.22] AndroidManifest.xml:34:22-80
42    <uses-permission android:name="com.huawei.android.launcher.permission.CHANGE_BADGE" />
42-->[me.leolin:ShortcutBadger:1.1.22] AndroidManifest.xml:37:5-91
42-->[me.leolin:ShortcutBadger:1.1.22] AndroidManifest.xml:37:22-88
43    <uses-permission android:name="com.huawei.android.launcher.permission.READ_SETTINGS" />
43-->[me.leolin:ShortcutBadger:1.1.22] AndroidManifest.xml:38:5-92
43-->[me.leolin:ShortcutBadger:1.1.22] AndroidManifest.xml:38:22-89
44    <uses-permission android:name="com.huawei.android.launcher.permission.WRITE_SETTINGS" /> <!-- for ZUK -->
44-->[me.leolin:ShortcutBadger:1.1.22] AndroidManifest.xml:39:5-93
44-->[me.leolin:ShortcutBadger:1.1.22] AndroidManifest.xml:39:22-90
45    <uses-permission android:name="android.permission.READ_APP_BADGE" /> <!-- for OPPO -->
45-->[me.leolin:ShortcutBadger:1.1.22] AndroidManifest.xml:42:5-73
45-->[me.leolin:ShortcutBadger:1.1.22] AndroidManifest.xml:42:22-70
46    <uses-permission android:name="com.oppo.launcher.permission.READ_SETTINGS" />
46-->[me.leolin:ShortcutBadger:1.1.22] AndroidManifest.xml:45:5-82
46-->[me.leolin:ShortcutBadger:1.1.22] AndroidManifest.xml:45:22-79
47    <uses-permission android:name="com.oppo.launcher.permission.WRITE_SETTINGS" /> <!-- for EvMe -->
47-->[me.leolin:ShortcutBadger:1.1.22] AndroidManifest.xml:46:5-83
47-->[me.leolin:ShortcutBadger:1.1.22] AndroidManifest.xml:46:22-80
48    <uses-permission android:name="me.everything.badger.permission.BADGE_COUNT_READ" />
48-->[me.leolin:ShortcutBadger:1.1.22] AndroidManifest.xml:49:5-88
48-->[me.leolin:ShortcutBadger:1.1.22] AndroidManifest.xml:49:22-85
49    <uses-permission android:name="me.everything.badger.permission.BADGE_COUNT_WRITE" />
49-->[me.leolin:ShortcutBadger:1.1.22] AndroidManifest.xml:50:5-89
49-->[me.leolin:ShortcutBadger:1.1.22] AndroidManifest.xml:50:22-86
50
51    <application
52        android:name="android.app.Application"
52-->src\main\AndroidManifest.xml:6:9-42
53        android:appComponentFactory="androidx.core.app.CoreComponentFactory"
53-->[androidx.core:core:1.10.1] AndroidManifest.xml:28:18-86
54        android:icon="@mipmap/ic_launcher"
54-->src\main\AndroidManifest.xml:7:9-43
55        android:label="CodePalooza" >
55-->src\main\AndroidManifest.xml:5:9-36
56        <activity
56-->src\main\AndroidManifest.xml:8:9-28:20
57            android:name="com.example.realpalooza.MainActivity"
57-->src\main\AndroidManifest.xml:9:13-41
58            android:configChanges="orientation|keyboardHidden|keyboard|screenSize|smallestScreenSize|locale|layoutDirection|fontScale|screenLayout|density|uiMode"
58-->src\main\AndroidManifest.xml:13:13-163
59            android:exported="true"
59-->src\main\AndroidManifest.xml:10:13-36
60            android:hardwareAccelerated="true"
60-->src\main\AndroidManifest.xml:14:13-47
61            android:launchMode="singleTop"
61-->src\main\AndroidManifest.xml:11:13-43
62            android:theme="@style/LaunchTheme"
62-->src\main\AndroidManifest.xml:12:13-47
63            android:windowSoftInputMode="adjustResize" >
63-->src\main\AndroidManifest.xml:15:13-55
64
65            <!--
66                 Specifies an Android theme to apply to this Activity as soon as
67                 the Android process has started. This theme is visible to the user
68                 while the Flutter UI initializes. After that, this theme continues
69                 to determine the Window background behind the Flutter UI.
70            -->
71            <meta-data
71-->src\main\AndroidManifest.xml:20:13-23:17
72                android:name="io.flutter.embedding.android.NormalTheme"
72-->src\main\AndroidManifest.xml:21:15-70
73                android:resource="@style/NormalTheme" />
73-->src\main\AndroidManifest.xml:22:15-52
74
75            <intent-filter>
75-->src\main\AndroidManifest.xml:24:13-27:29
76                <action android:name="android.intent.action.MAIN" />
76-->src\main\AndroidManifest.xml:25:17-68
76-->src\main\AndroidManifest.xml:25:25-66
77
78                <category android:name="android.intent.category.LAUNCHER" />
78-->src\main\AndroidManifest.xml:26:17-76
78-->src\main\AndroidManifest.xml:26:27-74
79            </intent-filter>
80        </activity>
81        <!--
82             Don't delete the meta-data below.
83             This is used by the Flutter tool to generate GeneratedPluginRegistrant.java
84        -->
85        <meta-data
85-->src\main\AndroidManifest.xml:31:9-33:33
86            android:name="flutterEmbedding"
86-->src\main\AndroidManifest.xml:32:13-44
87            android:value="2" />
87-->src\main\AndroidManifest.xml:33:13-30
88
89        <service
89-->[:firebase_auth] AndroidManifest.xml:10:9-14:19
90            android:name="com.google.firebase.components.ComponentDiscoveryService"
90-->[:firebase_auth] AndroidManifest.xml:10:18-89
91            android:directBootAware="true"
91-->[com.google.firebase:firebase-common:20.4.2] AndroidManifest.xml:32:13-43
92            android:exported="false" >
92-->[com.google.firebase:firebase-auth:22.3.1] AndroidManifest.xml:68:13-37
93            <meta-data
93-->[:firebase_auth] AndroidManifest.xml:11:13-13:85
94                android:name="com.google.firebase.components:io.flutter.plugins.firebase.auth.FlutterFirebaseAuthRegistrar"
94-->[:firebase_auth] AndroidManifest.xml:12:17-124
95                android:value="com.google.firebase.components.ComponentRegistrar" />
95-->[:firebase_auth] AndroidManifest.xml:13:17-82
96            <meta-data
96-->[:firebase_storage] AndroidManifest.xml:11:13-13:85
97                android:name="com.google.firebase.components:io.flutter.plugins.firebase.storage.FlutterFirebaseAppRegistrar"
97-->[:firebase_storage] AndroidManifest.xml:12:17-126
98                android:value="com.google.firebase.components.ComponentRegistrar" />
98-->[:firebase_storage] AndroidManifest.xml:13:17-82
99            <meta-data
99-->[:cloud_firestore] AndroidManifest.xml:11:13-13:85
100                android:name="com.google.firebase.components:io.flutter.plugins.firebase.firestore.FlutterFirebaseFirestoreRegistrar"
100-->[:cloud_firestore] AndroidManifest.xml:12:17-134
101                android:value="com.google.firebase.components.ComponentRegistrar" />
101-->[:cloud_firestore] AndroidManifest.xml:13:17-82
102            <meta-data
102-->[:firebase_messaging] AndroidManifest.xml:38:13-40:85
103                android:name="com.google.firebase.components:io.flutter.plugins.firebase.messaging.FlutterFirebaseAppRegistrar"
103-->[:firebase_messaging] AndroidManifest.xml:39:17-128
104                android:value="com.google.firebase.components.ComponentRegistrar" />
104-->[:firebase_messaging] AndroidManifest.xml:40:17-82
105            <meta-data
105-->[:firebase_core] AndroidManifest.xml:11:13-13:85
106                android:name="com.google.firebase.components:io.flutter.plugins.firebase.core.FlutterFirebaseCoreRegistrar"
106-->[:firebase_core] AndroidManifest.xml:12:17-124
107                android:value="com.google.firebase.components.ComponentRegistrar" />
107-->[:firebase_core] AndroidManifest.xml:13:17-82
108            <meta-data
108-->[com.google.firebase:firebase-auth:22.3.1] AndroidManifest.xml:69:13-71:85
109                android:name="com.google.firebase.components:com.google.firebase.auth.FirebaseAuthRegistrar"
109-->[com.google.firebase:firebase-auth:22.3.1] AndroidManifest.xml:70:17-109
110                android:value="com.google.firebase.components.ComponentRegistrar" />
110-->[com.google.firebase:firebase-auth:22.3.1] AndroidManifest.xml:71:17-82
111            <meta-data
111-->[com.google.firebase:firebase-firestore:24.10.1] AndroidManifest.xml:17:13-19:85
112                android:name="com.google.firebase.components:com.google.firebase.firestore.FirebaseFirestoreKtxRegistrar"
112-->[com.google.firebase:firebase-firestore:24.10.1] AndroidManifest.xml:18:17-122
113                android:value="com.google.firebase.components.ComponentRegistrar" />
113-->[com.google.firebase:firebase-firestore:24.10.1] AndroidManifest.xml:19:17-82
114            <meta-data
114-->[com.google.firebase:firebase-firestore:24.10.1] AndroidManifest.xml:20:13-22:85
115                android:name="com.google.firebase.components:com.google.firebase.firestore.FirestoreRegistrar"
115-->[com.google.firebase:firebase-firestore:24.10.1] AndroidManifest.xml:21:17-111
116                android:value="com.google.firebase.components.ComponentRegistrar" />
116-->[com.google.firebase:firebase-firestore:24.10.1] AndroidManifest.xml:22:17-82
117            <meta-data
117-->[com.google.firebase:firebase-messaging:23.4.0] AndroidManifest.xml:57:13-59:85
118                android:name="com.google.firebase.components:com.google.firebase.messaging.FirebaseMessagingKtxRegistrar"
118-->[com.google.firebase:firebase-messaging:23.4.0] AndroidManifest.xml:58:17-122
119                android:value="com.google.firebase.components.ComponentRegistrar" />
119-->[com.google.firebase:firebase-messaging:23.4.0] AndroidManifest.xml:59:17-82
120            <meta-data
120-->[com.google.firebase:firebase-messaging:23.4.0] AndroidManifest.xml:60:13-62:85
121                android:name="com.google.firebase.components:com.google.firebase.messaging.FirebaseMessagingRegistrar"
121-->[com.google.firebase:firebase-messaging:23.4.0] AndroidManifest.xml:61:17-119
122                android:value="com.google.firebase.components.ComponentRegistrar" />
122-->[com.google.firebase:firebase-messaging:23.4.0] AndroidManifest.xml:62:17-82
123            <meta-data
123-->[com.google.firebase:firebase-storage:20.3.0] AndroidManifest.xml:30:13-32:85
124                android:name="com.google.firebase.components:com.google.firebase.storage.FirebaseStorageKtxRegistrar"
124-->[com.google.firebase:firebase-storage:20.3.0] AndroidManifest.xml:31:17-118
125                android:value="com.google.firebase.components.ComponentRegistrar" />
125-->[com.google.firebase:firebase-storage:20.3.0] AndroidManifest.xml:32:17-82
126            <meta-data
126-->[com.google.firebase:firebase-storage:20.3.0] AndroidManifest.xml:33:13-35:85
127                android:name="com.google.firebase.components:com.google.firebase.storage.StorageRegistrar"
127-->[com.google.firebase:firebase-storage:20.3.0] AndroidManifest.xml:34:17-107
128                android:value="com.google.firebase.components.ComponentRegistrar" />
128-->[com.google.firebase:firebase-storage:20.3.0] AndroidManifest.xml:35:17-82
129            <meta-data
129-->[com.google.firebase:firebase-iid:21.1.0] AndroidManifest.xml:32:13-34:85
130                android:name="com.google.firebase.components:com.google.firebase.iid.Registrar"
130-->[com.google.firebase:firebase-iid:21.1.0] AndroidManifest.xml:33:17-96
131                android:value="com.google.firebase.components.ComponentRegistrar" />
131-->[com.google.firebase:firebase-iid:21.1.0] AndroidManifest.xml:34:17-82
132            <meta-data
132-->[com.google.firebase:firebase-installations:17.2.0] AndroidManifest.xml:15:13-17:85
133                android:name="com.google.firebase.components:com.google.firebase.installations.FirebaseInstallationsKtxRegistrar"
133-->[com.google.firebase:firebase-installations:17.2.0] AndroidManifest.xml:16:17-130
134                android:value="com.google.firebase.components.ComponentRegistrar" />
134-->[com.google.firebase:firebase-installations:17.2.0] AndroidManifest.xml:17:17-82
135            <meta-data
135-->[com.google.firebase:firebase-installations:17.2.0] AndroidManifest.xml:18:13-20:85
136                android:name="com.google.firebase.components:com.google.firebase.installations.FirebaseInstallationsRegistrar"
136-->[com.google.firebase:firebase-installations:17.2.0] AndroidManifest.xml:19:17-127
137                android:value="com.google.firebase.components.ComponentRegistrar" />
137-->[com.google.firebase:firebase-installations:17.2.0] AndroidManifest.xml:20:17-82
138            <meta-data
138-->[com.google.firebase:firebase-appcheck:17.1.1] AndroidManifest.xml:25:13-27:85
139                android:name="com.google.firebase.components:com.google.firebase.appcheck.FirebaseAppCheckKtxRegistrar"
139-->[com.google.firebase:firebase-appcheck:17.1.1] AndroidManifest.xml:26:17-120
140                android:value="com.google.firebase.components.ComponentRegistrar" />
140-->[com.google.firebase:firebase-appcheck:17.1.1] AndroidManifest.xml:27:17-82
141            <meta-data
141-->[com.google.firebase:firebase-appcheck:17.1.1] AndroidManifest.xml:28:13-30:85
142                android:name="com.google.firebase.components:com.google.firebase.appcheck.FirebaseAppCheckRegistrar"
142-->[com.google.firebase:firebase-appcheck:17.1.1] AndroidManifest.xml:29:17-117
143                android:value="com.google.firebase.components.ComponentRegistrar" />
143-->[com.google.firebase:firebase-appcheck:17.1.1] AndroidManifest.xml:30:17-82
144            <meta-data
144-->[com.google.firebase:firebase-common-ktx:20.4.2] AndroidManifest.xml:12:13-14:85
145                android:name="com.google.firebase.components:com.google.firebase.ktx.FirebaseCommonLegacyRegistrar"
145-->[com.google.firebase:firebase-common-ktx:20.4.2] AndroidManifest.xml:13:17-116
146                android:value="com.google.firebase.components.ComponentRegistrar" />
146-->[com.google.firebase:firebase-common-ktx:20.4.2] AndroidManifest.xml:14:17-82
147            <meta-data
147-->[com.google.firebase:firebase-common:20.4.2] AndroidManifest.xml:35:13-37:85
148                android:name="com.google.firebase.components:com.google.firebase.FirebaseCommonKtxRegistrar"
148-->[com.google.firebase:firebase-common:20.4.2] AndroidManifest.xml:36:17-109
149                android:value="com.google.firebase.components.ComponentRegistrar" />
149-->[com.google.firebase:firebase-common:20.4.2] AndroidManifest.xml:37:17-82
150            <meta-data
150-->[com.google.firebase:firebase-datatransport:18.1.7] AndroidManifest.xml:27:13-29:85
151                android:name="com.google.firebase.components:com.google.firebase.datatransport.TransportRegistrar"
151-->[com.google.firebase:firebase-datatransport:18.1.7] AndroidManifest.xml:28:17-115
152                android:value="com.google.firebase.components.ComponentRegistrar" />
152-->[com.google.firebase:firebase-datatransport:18.1.7] AndroidManifest.xml:29:17-82
153        </service>
154        <service
154-->[:firebase_messaging] AndroidManifest.xml:16:9-19:72
155            android:name="io.flutter.plugins.firebase.messaging.FlutterFirebaseMessagingBackgroundService"
155-->[:firebase_messaging] AndroidManifest.xml:17:13-107
156            android:exported="false"
156-->[:firebase_messaging] AndroidManifest.xml:18:13-37
157            android:permission="android.permission.BIND_JOB_SERVICE" />
157-->[:firebase_messaging] AndroidManifest.xml:19:13-69
158        <service
158-->[:firebase_messaging] AndroidManifest.xml:20:9-26:19
159            android:name="io.flutter.plugins.firebase.messaging.FlutterFirebaseMessagingService"
159-->[:firebase_messaging] AndroidManifest.xml:21:13-97
160            android:exported="false" >
160-->[:firebase_messaging] AndroidManifest.xml:22:13-37
161            <intent-filter>
161-->[:firebase_messaging] AndroidManifest.xml:23:13-25:29
162                <action android:name="com.google.firebase.MESSAGING_EVENT" />
162-->[:firebase_messaging] AndroidManifest.xml:24:17-78
162-->[:firebase_messaging] AndroidManifest.xml:24:25-75
163            </intent-filter>
164        </service>
165
166        <receiver
166-->[:firebase_messaging] AndroidManifest.xml:28:9-35:20
167            android:name="io.flutter.plugins.firebase.messaging.FlutterFirebaseMessagingReceiver"
167-->[:firebase_messaging] AndroidManifest.xml:29:13-98
168            android:exported="true"
168-->[:firebase_messaging] AndroidManifest.xml:30:13-36
169            android:permission="com.google.android.c2dm.permission.SEND" >
169-->[:firebase_messaging] AndroidManifest.xml:31:13-73
170            <intent-filter>
170-->[:firebase_messaging] AndroidManifest.xml:32:13-34:29
171                <action android:name="com.google.android.c2dm.intent.RECEIVE" />
171-->[:firebase_messaging] AndroidManifest.xml:33:17-81
171-->[:firebase_messaging] AndroidManifest.xml:33:25-78
172            </intent-filter>
173        </receiver>
174
175        <provider
175-->[:firebase_messaging] AndroidManifest.xml:43:9-47:38
176            android:name="io.flutter.plugins.firebase.messaging.FlutterFirebaseMessagingInitProvider"
176-->[:firebase_messaging] AndroidManifest.xml:44:13-102
177            android:authorities="com.example.realpalooza.flutterfirebasemessaginginitprovider"
177-->[:firebase_messaging] AndroidManifest.xml:45:13-88
178            android:exported="false"
178-->[:firebase_messaging] AndroidManifest.xml:46:13-37
179            android:initOrder="99" />
179-->[:firebase_messaging] AndroidManifest.xml:47:13-35
180        <provider
180-->[:image_picker_android] AndroidManifest.xml:10:9-18:20
181            android:name="io.flutter.plugins.imagepicker.ImagePickerFileProvider"
181-->[:image_picker_android] AndroidManifest.xml:11:13-82
182            android:authorities="com.example.realpalooza.flutter.image_provider"
182-->[:image_picker_android] AndroidManifest.xml:12:13-74
183            android:exported="false"
183-->[:image_picker_android] AndroidManifest.xml:13:13-37
184            android:grantUriPermissions="true" >
184-->[:image_picker_android] AndroidManifest.xml:14:13-47
185            <meta-data
185-->[:image_picker_android] AndroidManifest.xml:15:13-17:75
186                android:name="android.support.FILE_PROVIDER_PATHS"
186-->[:image_picker_android] AndroidManifest.xml:16:17-67
187                android:resource="@xml/flutter_image_picker_file_paths" />
187-->[:image_picker_android] AndroidManifest.xml:17:17-72
188        </provider>
189
190        <receiver
190-->[:awesome_notifications] AndroidManifest.xml:15:9-17:39
191            android:name="me.carda.awesome_notifications.DartNotificationActionReceiver"
191-->[:awesome_notifications] AndroidManifest.xml:16:13-89
192            android:exported="true" />
192-->[:awesome_notifications] AndroidManifest.xml:17:13-36
193        <receiver
193-->[:awesome_notifications] AndroidManifest.xml:18:9-20:39
194            android:name="me.carda.awesome_notifications.DartDismissedNotificationReceiver"
194-->[:awesome_notifications] AndroidManifest.xml:19:13-92
195            android:exported="true" />
195-->[:awesome_notifications] AndroidManifest.xml:20:13-36
196        <receiver
196-->[:awesome_notifications] AndroidManifest.xml:21:9-23:39
197            android:name="me.carda.awesome_notifications.DartScheduledNotificationReceiver"
197-->[:awesome_notifications] AndroidManifest.xml:22:13-92
198            android:exported="true" />
198-->[:awesome_notifications] AndroidManifest.xml:23:13-36
199        <receiver
199-->[:awesome_notifications] AndroidManifest.xml:24:9-38:20
200            android:name="me.carda.awesome_notifications.DartRefreshSchedulesReceiver"
200-->[:awesome_notifications] AndroidManifest.xml:25:13-87
201            android:enabled="true"
201-->[:awesome_notifications] AndroidManifest.xml:26:13-35
202            android:exported="true" >
202-->[:awesome_notifications] AndroidManifest.xml:27:13-36
203            <intent-filter>
203-->[:awesome_notifications] AndroidManifest.xml:28:13-37:29
204                <category android:name="android.intent.category.DEFAULT" />
204-->[:awesome_notifications] AndroidManifest.xml:29:17-76
204-->[:awesome_notifications] AndroidManifest.xml:29:27-73
205
206                <action android:name="android.intent.action.BOOT_COMPLETED" />
206-->[:awesome_notifications] AndroidManifest.xml:31:17-79
206-->[:awesome_notifications] AndroidManifest.xml:31:25-76
207                <action android:name="android.intent.action.LOCKED_BOOT_COMPLETED" />
207-->[:awesome_notifications] AndroidManifest.xml:32:17-86
207-->[:awesome_notifications] AndroidManifest.xml:32:25-83
208                <action android:name="android.intent.action.MY_PACKAGE_REPLACED" />
208-->[:awesome_notifications] AndroidManifest.xml:33:17-84
208-->[:awesome_notifications] AndroidManifest.xml:33:25-81
209                <action android:name="android.intent.action.QUICKBOOT_POWERON" />
209-->[:awesome_notifications] AndroidManifest.xml:34:17-82
209-->[:awesome_notifications] AndroidManifest.xml:34:25-79
210                <action android:name="com.htc.intent.action.QUICKBOOT_POWERON" />
210-->[:awesome_notifications] AndroidManifest.xml:35:17-82
210-->[:awesome_notifications] AndroidManifest.xml:35:25-79
211                <action android:name="android.app.action.SCHEDULE_EXACT_ALARM_PERMISSION_STATE_CHANGED" />
211-->[:awesome_notifications] AndroidManifest.xml:36:17-107
211-->[:awesome_notifications] AndroidManifest.xml:36:25-104
212            </intent-filter>
213        </receiver>
214
215        <service
215-->[:awesome_notifications] AndroidManifest.xml:40:9-43:72
216            android:name="me.carda.awesome_notifications.DartBackgroundService"
216-->[:awesome_notifications] AndroidManifest.xml:41:13-80
217            android:exported="false"
217-->[:awesome_notifications] AndroidManifest.xml:42:13-37
218            android:permission="android.permission.BIND_JOB_SERVICE" />
218-->[:awesome_notifications] AndroidManifest.xml:43:13-69
219        <service
219-->[:awesome_notifications] AndroidManifest.xml:44:9-49:43
220            android:name="me.carda.awesome_notifications.core.services.ForegroundService"
220-->[:awesome_notifications] AndroidManifest.xml:45:13-90
221            android:enabled="true"
221-->[:awesome_notifications] AndroidManifest.xml:46:13-35
222            android:exported="false"
222-->[:awesome_notifications] AndroidManifest.xml:47:13-37
223            android:foregroundServiceType="phoneCall"
223-->[:awesome_notifications] AndroidManifest.xml:48:13-54
224            android:stopWithTask="true" />
224-->[:awesome_notifications] AndroidManifest.xml:49:13-40
225
226        <activity
226-->[:url_launcher_android] AndroidManifest.xml:10:9-13:74
227            android:name="io.flutter.plugins.urllauncher.WebViewActivity"
227-->[:url_launcher_android] AndroidManifest.xml:11:13-74
228            android:exported="false"
228-->[:url_launcher_android] AndroidManifest.xml:12:13-37
229            android:theme="@android:style/Theme.NoTitleBar.Fullscreen" />
229-->[:url_launcher_android] AndroidManifest.xml:13:13-71
230
231        <service
231-->[me.carda:AndroidAwnCore:0.8.3] AndroidManifest.xml:21:9-28:19
232            android:name="me.carda.awesome_notifications.core.managers.StatusBarManager"
232-->[me.carda:AndroidAwnCore:0.8.3] AndroidManifest.xml:22:13-89
233            android:exported="true"
233-->[me.carda:AndroidAwnCore:0.8.3] AndroidManifest.xml:23:13-36
234            android:label="My Notification Listener Service" >
234-->[me.carda:AndroidAwnCore:0.8.3] AndroidManifest.xml:24:13-61
235            <intent-filter>
235-->[me.carda:AndroidAwnCore:0.8.3] AndroidManifest.xml:25:13-27:29
236                <action android:name="android.service.notification.NotificationListenerService" />
236-->[me.carda:AndroidAwnCore:0.8.3] AndroidManifest.xml:26:17-99
236-->[me.carda:AndroidAwnCore:0.8.3] AndroidManifest.xml:26:25-96
237            </intent-filter>
238        </service>
239
240        <activity
240-->[com.google.firebase:firebase-auth:22.3.1] AndroidManifest.xml:29:9-46:20
241            android:name="com.google.firebase.auth.internal.GenericIdpActivity"
241-->[com.google.firebase:firebase-auth:22.3.1] AndroidManifest.xml:30:13-80
242            android:excludeFromRecents="true"
242-->[com.google.firebase:firebase-auth:22.3.1] AndroidManifest.xml:31:13-46
243            android:exported="true"
243-->[com.google.firebase:firebase-auth:22.3.1] AndroidManifest.xml:32:13-36
244            android:launchMode="singleTask"
244-->[com.google.firebase:firebase-auth:22.3.1] AndroidManifest.xml:33:13-44
245            android:theme="@android:style/Theme.Translucent.NoTitleBar" >
245-->[com.google.firebase:firebase-auth:22.3.1] AndroidManifest.xml:34:13-72
246            <intent-filter>
246-->[com.google.firebase:firebase-auth:22.3.1] AndroidManifest.xml:35:13-45:29
247                <action android:name="android.intent.action.VIEW" />